<?xml version="1.0" encoding="UTF-8"?>
<testsuite name="balajar.kotlin.unit.test.SampleIntegrationTest" tests="2" skipped="0" failures="0" errors="0" timestamp="2021-06-28T09:44:04" hostname="DESKTOP-98SKGNL" time="0.013">
  <properties/>
  <testcase name="testSample1()" classname="balajar.kotlin.unit.test.SampleIntegrationTest" time="0.012"/>
  <testcase name="testSample2()" classname="balajar.kotlin.unit.test.SampleIntegrationTest" time="0.001"/>
  <system-out><![CDATA[]]></system-out>
  <system-err><![CDATA[]]></system-err>
</testsuite>
