<?xml version="1.0" encoding="UTF-8"?>
<testsuite name="balajar.kotlin.unit.test.AppTest" tests="1" skipped="0" failures="0" errors="0" timestamp="2021-06-28T09:42:42" hostname="DESKTOP-98SKGNL" time="0.015">
  <properties/>
  <testcase name="test()" classname="balajar.kotlin.unit.test.AppTest" time="0.015"/>
  <system-out><![CDATA[]]></system-out>
  <system-err><![CDATA[]]></system-err>
</testsuite>
